##### Clean Log: Tue Jul 22 15:36:13 MDT 2014 #####
#====================#
Wed Jul 30 11:29:30 MDT 2014:
R/apt2seqid.R R/get.aptamers.R R/match.seq.ids.R R/seq.regex.R
#====================#
Mon Aug 4 18:41:03 MDT 2014:
R/apt2seqid.R R/get.aptamers.R R/load.adat.R R/load.pdat.R R/match.seq.ids.R R/seq.regex.R
#====================#
Tue Aug 5 12:35:28 MDT 2014:
R/load.adat.R R/load.pdat.R
#====================#
Fri Aug 8 18:42:49 MDT 2014:
R/get.aptamers.by.dil.R R/median.normalize.R R/normalization.prep.R
#====================#
Mon Aug 11 19:36:57 MDT 2014:
R/attach.apt.data.R R/get.aptamers.by.dil.R
#====================#
Mon Aug 11 19:46:13 MDT 2014:
R/attach.apt.data.R R/get.aptamers.by.dil.R
#====================#
Tue Aug 12 11:07:30 MDT 2014:
R/get.aptamers.by.dil.R R/get.aptamers.list.R R/get.aptamers.R R/get.apt.data.R R/get.apt.names.R man/get.aptamers.Rd man/get.apt.data.Rd man/get.apt.names.Rd
#====================#
Tue Aug 12 11:24:58 MDT 2014:
R/get.aptamers.by.dil.R R/get.aptamers.list.R R/get.aptamers.R R/get.apt.data.R R/get.apt.names.R man/get.aptamers.Rd man/get.apt.data.Rd man/get.apt.names.Rd
#====================#
Tue Aug 12 11:25:56 MDT 2014:
R/get.aptamers.by.dil.R R/get.aptamers.list.R R/get.aptamers.R R/get.apt.data.R R/get.apt.names.R man/get.aptamers.Rd man/get.apt.data.Rd man/get.apt.names.Rd
#====================#
Thu Aug 14 18:08:33 MDT 2014:
R/median.normalize.R
#====================#
Thu Aug 21 18:54:43 MDT 2014:
R/startup.R
#====================#
Fri Aug 22 11:38:02 MDT 2014:
NAMESPACE R/check.format.R R/load.adat.R R/load.pdat.R R/parse.adat.header.R man/load.adat.Rd
#====================#
Fri Aug 22 11:40:13 MDT 2014:
R/check.format.R R/load.adat.R R/load.pdat.R R/parse.adat.header.R R/startup.R
#====================#
Tue Aug 26 11:35:59 MDT 2014:
R/median.normalize.R
#====================#
Wed Aug 27 16:38:26 MDT 2014:
R/load.adat.R man/load.adat.Rd
#====================#
Wed Aug 27 16:59:55 MDT 2014:
R/load.adat.R man/load.adat.Rd
#====================#
Wed Aug 27 17:03:25 MDT 2014:
man/load.adat.Rd
#====================#
Wed Aug 27 17:06:11 MDT 2014:
man/load.adat.Rd
#====================#
Wed Aug 27 17:32:37 MDT 2014:
man/attach.apt.data.Rd man/check.format.Rd man/get.aptamers.Rd man/get.apt.data.Rd man/get.apt.names.Rd man/HybRef.Rd man/median.normalize.Rd
#====================#
Wed Aug 27 17:46:42 MDT 2014:
man/get.apt.names.Rd man/load.adat.Rd
#====================#
Tue Sep 9 18:12:31 MDT 2014:
R/load.adat.R R/parse.apt.R
#====================#
Thu Oct 9 09:58:45 MDT 2014:
R/get.apt.data.R R/startup.R
#====================#
Thu Oct 9 17:59:41 MDT 2014:
R/get.apt.data.R R/load.adat.R R/load.pdat.R R/median.normalize.R R/parse.adat.header.R R/print.soma.adat.R
#====================#
Tue Oct 14 11:37:03 MDT 2014:
R/median.normalize.R R/normalization.prep.R R/print.soma.adat.R
#====================#
Tue Oct 14 11:54:36 MDT 2014:
NAMESPACE
#====================#
Wed Oct 15 10:49:48 MDT 2014:
R/median.normalize.R R/normalization.prep.R R/print.soma.adat.R
#====================#
Fri Nov 7 18:24:23 MST 2014:
R/print.soma.adat.R
#====================#
Wed Nov 12 17:52:44 MST 2014:
R/median.normalize.R R/normalization.prep.R
#====================#
Wed Nov 12 17:55:15 MST 2014:
R/median.normalize.R R/normalization.prep.R
#====================#
Tue Nov 18 18:52:15 MST 2014:
R/load.adat.R R/parse.apt.R
#====================#
Thu Nov 20 20:35:22 MST 2014:
R/get.aptamers.R man/get.aptamers.Rd
#====================#
Fri Nov 21 17:26:36 MST 2014:
R/check.format.R R/load.adat.R R/load.pdat.R R/parse.adat.header.R R/version.check.R man/load.adat.Rd
#====================#
Fri Nov 21 18:28:09 MST 2014:
R/load.adat.R R/version.check.R
#====================#
Fri Nov 21 18:33:39 MST 2014:
R/check.format.R
#====================#
Fri Nov 21 18:49:08 MST 2014:
R/check.format.R R/version.check.R
#====================#
Mon Nov 24 12:42:02 MST 2014:
R/parse.adat.header.R man/load.adat.Rd
#====================#
Mon Nov 24 12:43:15 MST 2014:
NAMESPACE
#====================#
Mon Nov 24 12:49:08 MST 2014:
R/parse.adat.header.R R/parse.prep.R
#====================#
Wed Nov 26 19:26:30 MST 2014:
R/get.target.names.R
#====================#
Wed Nov 26 19:28:24 MST 2014:
R/get.target.names.R
#====================#
Mon Dec 8 12:51:05 MST 2014:
R/load.adat.R R/startup.R
#====================#
Thu Jan 22 18:23:50 MST 2015:
R/startup.R
#====================#
Fri Jan 23 18:47:29 MST 2015:
R/parse.adat.header.R R/version.check.R
#====================#
Thu Jan 29 13:31:57 MST 2015:
NAMESPACE
#====================#
Fri Jan 30 11:31:04 MST 2015:
R/match.seq.ids.R R/parse.prep.R R/version.check.R
#====================#
Mon Feb 2 15:11:45 MST 2015:
R/get.aptamers.R R/get.col.meta.R R/get.meta.R R/match.seq.ids.R R/startup.R R/version.check.R man/get.aptamers.Rd man/get.meta.Rd man/load.adat.Rd man/median.normalize.Rd man/parse.prep.Rd man/sample.adats.Rd data/sample.adats.rda
#====================#
Mon Feb 2 17:04:50 MST 2015:
NAMESPACE R/startup.R data/sample.adats.rda
#====================#
Tue Feb 3 10:39:07 MST 2015:
R/load.adat.R man/load.adat.Rd
#====================#
Tue Feb 3 10:57:23 MST 2015:
NAMESPACE R/startup.R man/load.adat.Rd
#====================#
Tue Feb 3 11:33:48 MST 2015:
R/get.aptamers.R R/get.meta.R R/load.adat.R R/startup.R man/get.meta.Rd man/load.adat.Rd
#====================#
Tue Feb 3 12:28:00 MST 2015:
man/sample.adats.Rd
#====================#
Tue Feb 3 12:46:08 MST 2015:
NAMESPACE man/load.adat.Rd
#====================#
Tue Feb 3 12:52:06 MST 2015:
R/print.soma.adat.R
#====================#
Tue Feb 3 17:47:00 MST 2015:
NAMESPACE R/onAttach.R R/print.soma.adat.R man/is.intact.attributes.Rd man/load.adat.Rd
#====================#
Tue Feb 3 17:58:59 MST 2015:
NAMESPACE R/onAttach.R R/print.soma.adat.R
#====================#
Tue Feb 3 18:02:33 MST 2015:
R/onAttach.R man/load.adat.Rd
#====================#
Tue Feb 3 18:10:09 MST 2015:
man/load.adat.Rd
#====================#
Tue Feb 3 18:14:59 MST 2015:
man/sample.adats.Rd
#====================#
Tue Feb 3 18:27:21 MST 2015:
man/load.adat.Rd
#====================#
Wed Feb 4 17:45:49 MST 2015:
NAMESPACE R/fix.header.meta.R R/is.intact.attributes.R R/load.adat.R R/onAttach.R R/vec.diff.R R/version.check.R R/write.adat.R R/writer.prep.R man/write.adat.Rd
#====================#
Wed Feb 4 20:31:41 MST 2015:
R/onAttach.R
#====================#
Thu Feb 5 11:14:21 MST 2015:
R/check.adat.R R/child.atts.wrapper.R R/create.child.attributes.R R/get.parent.attributes.R R/onAttach.R R/writer.prep.R
#====================#
Thu Feb 5 11:25:32 MST 2015:
R/check.adat.R R/child.atts.wrapper.R R/create.child.attributes.R R/get.parent.attributes.R R/onAttach.R R/writer.prep.R
#====================#
Thu Feb 5 11:38:36 MST 2015:
R/fix.header.meta.R
#====================#
Thu Feb 5 11:47:00 MST 2015:
man/load.adat.Rd
#====================#
Thu Feb 5 11:48:06 MST 2015:
man/load.adat.Rd
#====================#
Thu Feb 5 11:55:18 MST 2015:
man/load.adat.Rd
#====================#
Thu Feb 5 15:24:00 MST 2015:
R/load.adat.R
#====================#
Thu Feb 5 15:51:11 MST 2015:
NAMESPACE R/quick.subset.R man/quick.subset.Rd
#====================#
Thu Feb 5 16:14:57 MST 2015:
R/load.adat.R R/quick.subset.R man/quick.subset.Rd
#====================#
Thu Feb 5 16:24:30 MST 2015:
man/quick.subset.Rd
#====================#
Thu Feb 5 22:32:46 MST 2015:
R/attach.soma.data.R R/onAttach.R man/attach.soma.data.Rd
#====================#
Thu Feb 5 22:38:22 MST 2015:
R/attach.soma.data.R R/get.aptamers.R R/load.adat.R R/onAttach.R
#====================#
Fri Feb 6 13:50:01 MST 2015:
NAMESPACE R/get.seq.ids.matches.R R/is.intact.attributes.R R/quick.subset.R man/get.meta.Rd man/get.seq.ids.matches.Rd man/get.soma.data.Rd man/get.somamers.Rd man/get.soma.names.Rd man/is.intact.attributes.Rd man/quick.subset.Rd man/read.adat.Rd
#====================#
Fri Feb 6 14:06:16 MST 2015:
man/quick.subset.Rd man/read.adat.Rd man/write.adat.Rd
#====================#
Fri Feb 6 15:16:19 MST 2015:
man/get.somamers.Rd man/quick.subset.Rd man/read.adat.Rd man/write.adat.Rd
#====================#
Fri Feb 6 16:41:15 MST 2015:
R/read.adat.R
#====================#
Fri Feb 6 16:50:44 MST 2015:
R/read.adat.R man/quick.subset.Rd
#====================#
Fri Feb 6 17:53:41 MST 2015:
R/is.intact.attributes.R R/read.adat.R R/write.adat.R R/writer.prep.R
#====================#
Fri Feb 6 18:13:59 MST 2015:
R/read.adat.R
#====================#
Fri Feb 6 18:17:20 MST 2015:
R/is.intact.attributes.R R/read.adat.R R/writer.prep.R
#====================#
Mon Feb 9 11:31:03 MST 2015:
R/write.adat.R
#====================#
Wed Feb 11 13:00:59 MST 2015:
NAMESPACE R/checksum.R R/read.adat.R R/write.adat.R man/verify.adat.checksum.Rd man/write.adat.Rd
#====================#
Wed Feb 11 17:13:47 MST 2015:
R/is.intact.attributes.R R/read.adat.R
#====================#
Thu Feb 12 12:42:53 MST 2015:
R/checksum.R
#====================#
Tue Feb 17 11:31:41 MST 2015:
R/checksum.R R/fix.header.meta.R R/parse.prep.R R/read.adat.R R/writer.prep.R
#====================#
Tue Feb 17 15:59:08 MST 2015:
R/parse.prep.R R/read.adat.R
#====================#
Fri Feb 20 16:14:22 MST 2015:
R/read.adat.R
#====================#
Fri Feb 20 17:15:03 MST 2015:
R/read.adat.R
#====================#
Mon Feb 23 17:04:54 MST 2015:
man/sample.adats.Rd man/write.adat.Rd data/sample.adats.rda
#====================#
Mon Feb 23 18:49:58 MST 2015:
man/get.seq.ids.matches.Rd man/get.soma.data.Rd man/get.somamers.Rd man/get.soma.names.Rd man/is.intact.attributes.Rd man/read.adat.Rd man/verify.adat.checksum.Rd
#====================#
Tue Feb 24 10:06:43 MST 2015:
man/read.adat.Rd
#====================#
Tue Feb 24 10:38:25 MST 2015:
R/onAttach.R
#====================#
Mon Mar 2 19:37:14 MST 2015:
R/read.adat.R
#====================#
Tue Mar 3 18:16:58 MST 2015:
R/read.adat.R
#====================#
Wed Mar 4 18:22:50 MST 2015:
R/read.adat.R
#====================#
Thu Mar 5 14:01:51 MST 2015:
R/checksum.R R/get.aptamers.by.dil.R R/get.aptamers.R R/hyb.grep.R R/read.adat.R R/write.adat.R man/get.somamers.Rd man/verify.adat.checksum.Rd man/write.adat.Rd
#====================#
Thu Mar 5 16:34:19 MST 2015:
R/checksum.R
#====================#
Sun Mar 8 14:21:40 MDT 2015:
R/clean.names.R R/load.pdat.R R/parse.adat.header.R R/parse.prep.R R/read.adat.R man/read.adat.Rd
#====================#
Mon Mar 9 17:00:13 MDT 2015:
NAMESPACE R/adat2eSet.R R/adat.diff.R R/is.intact.attributes.R R/melt.eSet.R R/read.adat.R man/adat2eSet.Rd man/adat.diff.Rd man/melt.eSet.Rd man/read.adat.Rd man/vec.diff.Rd
#====================#
Tue Mar 10 11:03:56 MDT 2015:
R/clean.names.R R/get.pdat.rownames.R R/parse.adat.header.R R/parse.check.R R/parse.header.R R/read.adat.R man/read.adat.Rd
#====================#
Tue Mar 10 12:47:53 MDT 2015:
R/get.parent.attributes.R R/parse.check.R R/read.adat.R man/read.adat.Rd
#====================#
Tue Mar 10 20:53:14 MDT 2015:
R/adat2eSet.R R/adat.diff.R R/diff.check.cols.R R/fix.target.names.R R/get.parent.attributes.R R/melt.eSet.R R/parse.header.R R/read.adat.R
#====================#
Wed Mar 11 10:08:05 MDT 2015:
R/adat.diff.R R/diff.check.cols.R R/parse.header.R R/read.adat.R man/adat.diff.Rd
#====================#
Wed Mar 11 10:16:29 MDT 2015:
R/adat.diff.R R/diff.check.cols.R R/read.adat.R
#====================#
Wed Mar 11 10:54:53 MDT 2015:
R/read.adat.R
#====================#
Wed Mar 11 11:46:25 MDT 2015:
R/read.adat.R
#====================#
Wed Mar 11 11:58:35 MDT 2015:
man/adat2eSet.Rd
#====================#
Wed Mar 11 12:02:36 MDT 2015:
man/is.intact.attributes.Rd
#====================#
Wed Mar 11 12:51:48 MDT 2015:
R/adat.diff.R
#====================#
Wed Mar 11 13:04:32 MDT 2015:
R/adat.diff.R
#====================#
Fri Mar 13 14:40:11 MDT 2015:
R/parse.header.R man/is.intact.attributes.Rd
#====================#
Fri Mar 13 17:29:30 MDT 2015:
man/verify.adat.checksum.Rd
#====================#
Mon Mar 16 19:13:55 MDT 2015:
R/parse.check.R R/parse.header.R R/quick.subset.R
#====================#
Tue Mar 17 14:57:07 MDT 2015:
R/get.apt.data.R R/make.numeric.R R/parse.header.R R/read.adat.R
#====================#
Tue Mar 17 15:00:43 MDT 2015:
R/get.apt.data.R R/make.numeric.R R/parse.header.R R/read.adat.R
#====================#
Tue Mar 17 16:16:45 MDT 2015:
R/adat.diff.R
#====================#
Thu Mar 19 17:57:36 MDT 2015:
R/get.seq.ids.matches.R R/make.numeric.R
#====================#
Mon Mar 23 17:48:53 MDT 2015:
R/parse.header.R
#====================#
Tue Mar 24 19:29:45 MDT 2015:
R/create.child.attributes.R R/load.pdat.R R/parse.check.R R/read.adat.R
#====================#
Wed Mar 25 16:57:42 MDT 2015:
R/adat2eSet.R R/attach.soma.data.R R/get.meta.R R/get.parent.attributes.R R/get.seq.ids.matches.R R/load.pdat.R R/make.numeric.R R/melt.eSet.R R/onAttach.R R/quick.subset.R R/read.adat.R
#====================#
Mon Mar 30 11:57:30 MDT 2015:
R/print.soma.adat.R man/read.adat.Rd
#====================#
Mon Mar 30 12:59:24 MDT 2015:
R/get.aptamers.R R/get.apt.data.R R/get.apt.names.R R/onAttach.R R/print.soma.adat.R R/read.adat.R man/read.adat.Rd
#====================#
Mon Mar 30 17:08:11 MDT 2015:
R/get.aptamers.R R/get.apt.data.R R/get.apt.names.R R/onAttach.R R/print.soma.adat.R R/read.adat.R
#====================#
Mon Mar 30 17:15:24 MDT 2015:
man/read.adat.Rd
#====================#
Tue Mar 31 11:07:55 MDT 2015:
R/get.parent.attributes.R man/quick.subset.Rd
#====================#
Wed Apr 1 18:45:13 MDT 2015:
R/parse.check.R R/print.soma.adat.R
#====================#
Thu Apr 9 17:42:12 MDT 2015:
R/read.adat.R
#====================#
Thu Apr 16 16:04:19 MDT 2015:
R/read.adat.R
#====================#
Thu Apr 16 17:44:53 MDT 2015:
man/read.adat.Rd
#====================#
Fri Apr 17 09:51:09 MDT 2015:
R/create.child.attributes.R R/is.intact.attributes.R R/is.Integer.R R/parse.check.R R/read.adat.R man/is.intact.attributes.Rd man/read.adat.Rd
#====================#
Tue Apr 21 14:57:40 MDT 2015:
SomaDataIO/R/is.intact.attributes.R SomaDataIO/R/parse.check.R
#====================#
Tue Apr 21 15:42:41 MDT 2015:
SomaDataIO/NAMESPACE
#====================#
Tue Apr 21 16:16:18 MDT 2015:
SomaDataIO/R/adat2eSet.R SomaDataIO/R/melt.eSet.R SomaDataIO/R/parse.check.R
#====================#
Tue Apr 21 17:20:20 MDT 2015:
SomaDataIO/NAMESPACE
#====================#
Wed Apr 22 09:19:38 MDT 2015:
SomaDataIO/R/adat2eSet.R SomaDataIO/man/adat2eSet.Rd
#====================#
Wed Apr 22 09:21:28 MDT 2015:
SomaDataIO/man/adat2eSet.Rd
#====================#
Wed Apr 22 09:24:51 MDT 2015:
SomaDataIO/man/adat2eSet.Rd
#====================#
Wed Apr 22 09:26:54 MDT 2015:
SomaDataIO/man/adat2eSet.Rd
#====================#
Wed Apr 22 09:28:01 MDT 2015:
SomaDataIO/man/adat2eSet.Rd
#====================#
Wed Apr 22 09:29:07 MDT 2015:
SomaDataIO/man/adat2eSet.Rd
#====================#
Wed Apr 22 09:31:12 MDT 2015:
SomaDataIO/man/melt.eSet.Rd
#====================#
Wed Apr 22 10:06:39 MDT 2015:
SomaDataIO/R/adat2eSet.R SomaDataIO/man/adat2eSet.Rd SomaDataIO/man/melt.eSet.Rd
#====================#
Wed Apr 22 11:48:38 MDT 2015:
SomaDataIO/man/adat2eSet.Rd
#====================#
Wed Apr 22 17:23:34 MDT 2015:
SomaDataIO/R/checksum.R
#====================#
Thu Apr 23 12:37:28 MDT 2015:
SomaDataIO/R/checksum.R SomaDataIO/R/read.adat.R
#====================#
Thu Apr 23 12:53:47 MDT 2015:
SomaDataIO/R/checksum.R
#====================#
Thu Apr 23 13:49:10 MDT 2015:
SomaDataIO/R/checksum.R
#====================#
Fri May 1 15:44:55 MDT 2015:
SomaDataIO/R/print.soma.adat.R
#====================#
Mon May 4 12:46:53 MDT 2015:
SomaDataIO/R/adat.diff.R SomaDataIO/R/diff.check.cols.R SomaDataIO/R/print.soma.adat.R
#====================#
Mon May 4 18:25:06 MDT 2015:
SomaDataIO/R/adat.diff.R SomaDataIO/R/diff.check.cols.R
#====================#
Fri May 8 09:35:35 MDT 2015:
SomaDataIO/R/get.apt.data.R SomaDataIO/R/read.adat.R
#====================#
Tue May 12 09:54:44 MDT 2015:
SomaDataIO/R/read.adat.R
#====================#
Tue May 19 16:35:24 MDT 2015:
SomaDataIO/R/adat.diff.R SomaDataIO/R/diff.check.cols.R SomaDataIO/man/adat.diff.Rd
#====================#
Tue May 19 16:43:47 MDT 2015:
SomaDataIO/R/adat.diff.R SomaDataIO/R/diff.check.cols.R SomaDataIO/man/adat.diff.Rd
#====================#
Tue May 19 17:20:31 MDT 2015:
SomaDataIO/R/adat.diff.R
#====================#
Tue May 19 17:25:26 MDT 2015:
SomaDataIO/man/adat.diff.Rd
#====================#
Wed May 20 16:35:53 MDT 2015:
SomaDataIO/R/adat.diff.R SomaDataIO/man/adat2eSet.Rd SomaDataIO/man/is.intact.attributes.Rd
#====================#
Wed May 20 16:39:12 MDT 2015:
SomaDataIO/man/is.intact.attributes.Rd
#====================#
Wed May 20 16:41:16 MDT 2015:
SomaDataIO/man/is.intact.attributes.Rd
#====================#
Wed May 20 16:44:57 MDT 2015:
SomaDataIO/man/melt.eSet.Rd
#====================#
Wed May 20 16:51:41 MDT 2015:
SomaDataIO/man/quick.subset.Rd
#====================#
Wed May 20 16:54:11 MDT 2015:
SomaDataIO/man/read.adat.Rd
#====================#
Wed May 20 16:55:46 MDT 2015:
SomaDataIO/man/read.adat.Rd
#====================#
Wed May 20 16:59:42 MDT 2015:
SomaDataIO/man/read.adat.Rd
#====================#
Wed May 20 17:02:39 MDT 2015:
SomaDataIO/man/read.adat.Rd
#====================#
Wed May 20 17:03:38 MDT 2015:
SomaDataIO/man/read.adat.Rd
#====================#
Wed May 20 17:04:51 MDT 2015:
SomaDataIO/man/read.adat.Rd
#====================#
Wed May 20 17:06:47 MDT 2015:
SomaDataIO/man/read.adat.Rd
#====================#
Wed May 20 17:08:50 MDT 2015:
SomaDataIO/man/read.adat.Rd
#====================#
Wed May 20 17:12:58 MDT 2015:
SomaDataIO/man/read.adat.Rd
#====================#
Wed May 20 17:15:20 MDT 2015:
SomaDataIO/man/read.adat.Rd
#====================#
Wed May 20 17:23:03 MDT 2015:
SomaDataIO/R/vec.diff.R SomaDataIO/man/read.adat.Rd SomaDataIO/man/vec.diff.Rd
#====================#
Wed May 20 17:25:55 MDT 2015:
SomaDataIO/man/read.adat.Rd
#====================#
Wed May 20 17:27:50 MDT 2015:
SomaDataIO/man/read.adat.Rd
#====================#
Wed May 20 17:31:15 MDT 2015:
SomaDataIO/man/read.adat.Rd SomaDataIO/man/verify.adat.checksum.Rd
#====================#
Wed May 20 17:33:01 MDT 2015:
SomaDataIO/man/read.adat.Rd
#====================#
Wed May 20 17:39:37 MDT 2015:
SomaDataIO/man/vec.diff.Rd SomaDataIO/man/write.adat.Rd
#====================#
Wed May 20 17:43:06 MDT 2015:
SomaDataIO/man/write.adat.Rd
#====================#
Wed May 20 17:44:05 MDT 2015:
SomaDataIO/man/write.adat.Rd
#====================#
Wed May 20 17:51:15 MDT 2015:
SomaDataIO/man/write.adat.Rd
#====================#
Wed May 20 17:53:35 MDT 2015:
SomaDataIO/NAMESPACE
#====================#
Wed May 20 18:14:43 MDT 2015:
SomaDataIO/R/vec.diff.R
#====================#
Thu May 21 09:57:59 MDT 2015:
SomaDataIO/man/SomaDataIO-package.Rd
#====================#
Thu May 21 10:32:52 MDT 2015:
SomaDataIO/R/melt.eSet.R
#====================#
Thu May 21 10:40:02 MDT 2015:
SomaDataIO/R/onAttach.R
#====================#
Thu May 21 10:44:14 MDT 2015:
SomaDataIO/R/onAttach.R
#====================#
Thu May 21 10:46:18 MDT 2015:
SomaDataIO/R/onAttach.R
#====================#
Thu May 28 11:02:21 MDT 2015:
SomaDataIO/R/diff.check.cols.R SomaDataIO/R/seq.regex.R
#====================#
Fri May 29 12:39:17 MDT 2015:
SomaDataIO/R/read.adat.R
#====================#
Thu Jun 4 12:26:23 MDT 2015:
SomaDataIO/R/read.adat.R
#====================#
Fri Jun 5 13:28:12 MDT 2015:
SomaDataIO/R/apt2seqid.R SomaDataIO/R/match.seq.ids.R SomaDataIO/R/parse.apt.R
